[2021-07-09 14:23:21.911] [exthost] [info] extension host started
[2021-07-09 14:23:21.951] [exthost] [info] ExtensionService#_doActivateExtension vscode.emmet {"startup":false,"extensionId":{"value":"vscode.emmet","_lower":"vscode.emmet"},"activationEvent":"onLanguage:html"}
[2021-07-09 14:23:21.951] [exthost] [info] ExtensionService#loadCommonJSModule file:///home/namarani/.vscode-server/bin/2d23c42a936db1c7b3b06f918cde29561cc47cd6/extensions/emmet/dist/node/emmetNodeMain
[2021-07-09 14:23:21.974] [exthost] [info] ExtensionService#_doActivateExtension vscode.html-language-features {"startup":false,"extensionId":{"value":"vscode.html-language-features","_lower":"vscode.html-language-features"},"activationEvent":"onLanguage:html"}
[2021-07-09 14:23:21.975] [exthost] [info] ExtensionService#loadCommonJSModule file:///home/namarani/.vscode-server/bin/2d23c42a936db1c7b3b06f918cde29561cc47cd6/extensions/html-language-features/client/dist/node/htmlClientMain
[2021-07-09 14:23:22.030] [exthost] [info] ExtensionService#_doActivateExtension vscode.debug-auto-launch {"startup":true,"extensionId":{"value":"vscode.debug-auto-launch","_lower":"vscode.debug-auto-launch"},"activationEvent":"*"}
[2021-07-09 14:23:22.030] [exthost] [info] ExtensionService#loadCommonJSModule file:///home/namarani/.vscode-server/bin/2d23c42a936db1c7b3b06f918cde29561cc47cd6/extensions/debug-auto-launch/dist/extension
[2021-07-09 14:23:22.037] [exthost] [info] ExtensionService#_doActivateExtension vscode.git {"startup":true,"extensionId":{"value":"vscode.github","_lower":"vscode.github"},"activationEvent":"*"}
[2021-07-09 14:23:22.037] [exthost] [info] ExtensionService#loadCommonJSModule file:///home/namarani/.vscode-server/bin/2d23c42a936db1c7b3b06f918cde29561cc47cd6/extensions/git/dist/main
[2021-07-09 14:23:27.053] [exthost] [info] ExtensionService#_doActivateExtension vscode.github {"startup":true,"extensionId":{"value":"vscode.github","_lower":"vscode.github"},"activationEvent":"*"}
[2021-07-09 14:23:27.053] [exthost] [info] ExtensionService#loadCommonJSModule file:///home/namarani/.vscode-server/bin/2d23c42a936db1c7b3b06f918cde29561cc47cd6/extensions/github/dist/extension.js
[2021-07-09 14:23:28.313] [exthost] [info] ExtensionService#_doActivateExtension ms-vscode.js-debug {"startup":false,"extensionId":{"value":"ms-vscode.js-debug","_lower":"ms-vscode.js-debug"},"activationEvent":"onCommand:extension.js-debug.clearAutoAttachVariables"}
[2021-07-09 14:23:28.313] [exthost] [info] ExtensionService#loadCommonJSModule file:///home/namarani/.vscode-server/bin/2d23c42a936db1c7b3b06f918cde29561cc47cd6/extensions/ms-vscode.js-debug/src/extension.js
[2021-07-09 14:23:28.745] [exthost] [info] ExtensionService#_doActivateExtension vscode.merge-conflict {"startup":false,"extensionId":{"value":"vscode.merge-conflict","_lower":"vscode.merge-conflict"},"activationEvent":"onStartupFinished"}
[2021-07-09 14:23:28.745] [exthost] [info] ExtensionService#loadCommonJSModule file:///home/namarani/.vscode-server/bin/2d23c42a936db1c7b3b06f918cde29561cc47cd6/extensions/merge-conflict/dist/mergeConflictMain
[2021-07-09 14:23:28.752] [exthost] [info] ExtensionService#_doActivateExtension vscode.testing-editor-contributions {"startup":false,"extensionId":{"value":"vscode.testing-editor-contributions","_lower":"vscode.testing-editor-contributions"},"activationEvent":"onStartupFinished"}
[2021-07-09 14:23:28.753] [exthost] [info] ExtensionService#loadCommonJSModule file:///home/namarani/.vscode-server/bin/2d23c42a936db1c7b3b06f918cde29561cc47cd6/extensions/testing-editor-contributions/dist/extension.js
[2021-07-09 14:23:28.755] [exthost] [info] eager extensions activated
[2021-07-09 14:23:40.322] [exthost] [error] [vscode.html-language-features] provider FAILED
[2021-07-09 14:23:40.322] [exthost] [error] Canceled: Canceled
	at b.makeCancelError (/home/namarani/.vscode-server/bin/2d23c42a936db1c7b3b06f918cde29561cc47cd6/extensions/html-language-features/client/dist/node/htmlClientMain.js:1:64460)
	at b.handleFailedRequest (/home/namarani/.vscode-server/bin/2d23c42a936db1c7b3b06f918cde29561cc47cd6/extensions/html-language-features/client/dist/node/htmlClientMain.js:1:64311)
	at /home/namarani/.vscode-server/bin/2d23c42a936db1c7b3b06f918cde29561cc47cd6/extensions/html-language-features/client/dist/node/htmlClientMain.js:1:24653
[2021-07-09 17:30:06.235] [exthost] [info] extension host terminating: received terminate message from renderer
[2021-07-09 17:30:07.422] [exthost] [info] exiting with code 0
