[2021-07-09 09:33:19.397] [exthost] [info] extension host started
[2021-07-09 09:33:19.457] [exthost] [info] ExtensionService#_doActivateExtension vscode.emmet {"startup":false,"extensionId":{"value":"vscode.emmet","_lower":"vscode.emmet"},"activationEvent":"onLanguage:html"}
[2021-07-09 09:33:19.457] [exthost] [info] ExtensionService#loadCommonJSModule file:///home/namarani/.vscode-server/bin/2d23c42a936db1c7b3b06f918cde29561cc47cd6/extensions/emmet/dist/node/emmetNodeMain
[2021-07-09 09:33:19.607] [exthost] [info] ExtensionService#_doActivateExtension vscode.html-language-features {"startup":false,"extensionId":{"value":"vscode.html-language-features","_lower":"vscode.html-language-features"},"activationEvent":"onLanguage:html"}
[2021-07-09 09:33:19.608] [exthost] [info] ExtensionService#loadCommonJSModule file:///home/namarani/.vscode-server/bin/2d23c42a936db1c7b3b06f918cde29561cc47cd6/extensions/html-language-features/client/dist/node/htmlClientMain
[2021-07-09 09:33:19.783] [exthost] [info] ExtensionService#_doActivateExtension vscode.configuration-editing {"startup":false,"extensionId":{"value":"vscode.configuration-editing","_lower":"vscode.configuration-editing"},"activationEvent":"onLanguage:json"}
[2021-07-09 09:33:19.783] [exthost] [info] ExtensionService#loadCommonJSModule file:///home/namarani/.vscode-server/bin/2d23c42a936db1c7b3b06f918cde29561cc47cd6/extensions/configuration-editing/dist/configurationEditingMain
[2021-07-09 09:33:19.842] [exthost] [info] ExtensionService#_doActivateExtension vscode.extension-editing {"startup":false,"extensionId":{"value":"vscode.extension-editing","_lower":"vscode.extension-editing"},"activationEvent":"onLanguage:json"}
[2021-07-09 09:33:19.842] [exthost] [info] ExtensionService#loadCommonJSModule file:///home/namarani/.vscode-server/bin/2d23c42a936db1c7b3b06f918cde29561cc47cd6/extensions/extension-editing/dist/extensionEditingMain
[2021-07-09 09:33:19.990] [exthost] [info] ExtensionService#_doActivateExtension vscode.json-language-features {"startup":false,"extensionId":{"value":"vscode.json-language-features","_lower":"vscode.json-language-features"},"activationEvent":"onLanguage:json"}
[2021-07-09 09:33:19.991] [exthost] [info] ExtensionService#loadCommonJSModule file:///home/namarani/.vscode-server/bin/2d23c42a936db1c7b3b06f918cde29561cc47cd6/extensions/json-language-features/client/dist/node/jsonClientMain
[2021-07-09 09:33:20.172] [exthost] [info] ExtensionService#_doActivateExtension vscode.npm {"startup":false,"extensionId":{"value":"vscode.npm","_lower":"vscode.npm"},"activationEvent":"onLanguage:json"}
[2021-07-09 09:33:20.172] [exthost] [info] ExtensionService#loadCommonJSModule file:///home/namarani/.vscode-server/bin/2d23c42a936db1c7b3b06f918cde29561cc47cd6/extensions/npm/dist/npmMain
[2021-07-09 09:33:20.357] [exthost] [info] ExtensionService#_doActivateExtension vscode.markdown-language-features {"startup":false,"extensionId":{"value":"vscode.markdown-language-features","_lower":"vscode.markdown-language-features"},"activationEvent":"onLanguage:markdown"}
[2021-07-09 09:33:20.358] [exthost] [info] ExtensionService#loadCommonJSModule file:///home/namarani/.vscode-server/bin/2d23c42a936db1c7b3b06f918cde29561cc47cd6/extensions/markdown-language-features/dist/extension
[2021-07-09 09:33:20.472] [exthost] [info] ExtensionService#_doActivateExtension vscode.typescript-language-features {"startup":false,"extensionId":{"value":"vscode.typescript-language-features","_lower":"vscode.typescript-language-features"},"activationEvent":"onLanguage:typescript"}
[2021-07-09 09:33:20.473] [exthost] [info] ExtensionService#loadCommonJSModule file:///home/namarani/.vscode-server/bin/2d23c42a936db1c7b3b06f918cde29561cc47cd6/extensions/typescript-language-features/dist/extension
[2021-07-09 09:33:20.570] [exthost] [info] ExtensionService#_doActivateExtension vscode.debug-auto-launch {"startup":true,"extensionId":{"value":"vscode.debug-auto-launch","_lower":"vscode.debug-auto-launch"},"activationEvent":"*"}
[2021-07-09 09:33:20.570] [exthost] [info] ExtensionService#loadCommonJSModule file:///home/namarani/.vscode-server/bin/2d23c42a936db1c7b3b06f918cde29561cc47cd6/extensions/debug-auto-launch/dist/extension
[2021-07-09 09:33:20.616] [exthost] [info] ExtensionService#_doActivateExtension vscode.git {"startup":true,"extensionId":{"value":"vscode.github","_lower":"vscode.github"},"activationEvent":"*"}
[2021-07-09 09:33:20.616] [exthost] [info] ExtensionService#loadCommonJSModule file:///home/namarani/.vscode-server/bin/2d23c42a936db1c7b3b06f918cde29561cc47cd6/extensions/git/dist/main
[2021-07-09 09:33:26.352] [exthost] [info] ExtensionService#_doActivateExtension vscode.github {"startup":true,"extensionId":{"value":"vscode.github","_lower":"vscode.github"},"activationEvent":"*"}
[2021-07-09 09:33:26.352] [exthost] [info] ExtensionService#loadCommonJSModule file:///home/namarani/.vscode-server/bin/2d23c42a936db1c7b3b06f918cde29561cc47cd6/extensions/github/dist/extension.js
[2021-07-09 09:33:26.511] [exthost] [info] ExtensionService#_doActivateExtension vscode.merge-conflict {"startup":false,"extensionId":{"value":"vscode.merge-conflict","_lower":"vscode.merge-conflict"},"activationEvent":"onStartupFinished"}
[2021-07-09 09:33:26.511] [exthost] [info] ExtensionService#loadCommonJSModule file:///home/namarani/.vscode-server/bin/2d23c42a936db1c7b3b06f918cde29561cc47cd6/extensions/merge-conflict/dist/mergeConflictMain
[2021-07-09 09:33:26.590] [exthost] [info] ExtensionService#_doActivateExtension vscode.testing-editor-contributions {"startup":false,"extensionId":{"value":"vscode.testing-editor-contributions","_lower":"vscode.testing-editor-contributions"},"activationEvent":"onStartupFinished"}
[2021-07-09 09:33:26.590] [exthost] [info] ExtensionService#loadCommonJSModule file:///home/namarani/.vscode-server/bin/2d23c42a936db1c7b3b06f918cde29561cc47cd6/extensions/testing-editor-contributions/dist/extension.js
[2021-07-09 09:33:26.609] [exthost] [info] eager extensions activated
[2021-07-09 09:33:26.619] [exthost] [info] ExtensionService#_doActivateExtension ms-vscode.js-debug {"startup":false,"extensionId":{"value":"ms-vscode.js-debug","_lower":"ms-vscode.js-debug"},"activationEvent":"onCommand:extension.js-debug.clearAutoAttachVariables"}
[2021-07-09 09:33:26.619] [exthost] [info] ExtensionService#loadCommonJSModule file:///home/namarani/.vscode-server/bin/2d23c42a936db1c7b3b06f918cde29561cc47cd6/extensions/ms-vscode.js-debug/src/extension.js
[2021-07-09 13:26:17.808] [exthost] [info] extension host terminating: received terminate message from renderer
[2021-07-09 13:26:19.132] [exthost] [info] exiting with code 0
