[2021-07-11 17:48:17.074] [exthost] [info] extension host started
[2021-07-11 17:48:17.135] [exthost] [info] ExtensionService#_doActivateExtension vscode.emmet {"startup":false,"extensionId":{"value":"vscode.emmet","_lower":"vscode.emmet"},"activationEvent":"onLanguage:html"}
[2021-07-11 17:48:17.135] [exthost] [info] ExtensionService#loadCommonJSModule file:///home/namarani/.vscode-server/bin/2d23c42a936db1c7b3b06f918cde29561cc47cd6/extensions/emmet/dist/node/emmetNodeMain
[2021-07-11 17:48:17.283] [exthost] [info] ExtensionService#_doActivateExtension vscode.html-language-features {"startup":false,"extensionId":{"value":"vscode.html-language-features","_lower":"vscode.html-language-features"},"activationEvent":"onLanguage:html"}
[2021-07-11 17:48:17.283] [exthost] [info] ExtensionService#loadCommonJSModule file:///home/namarani/.vscode-server/bin/2d23c42a936db1c7b3b06f918cde29561cc47cd6/extensions/html-language-features/client/dist/node/htmlClientMain
[2021-07-11 17:48:17.407] [exthost] [info] ExtensionService#_doActivateExtension vscode.debug-auto-launch {"startup":true,"extensionId":{"value":"vscode.debug-auto-launch","_lower":"vscode.debug-auto-launch"},"activationEvent":"*"}
[2021-07-11 17:48:17.407] [exthost] [info] ExtensionService#loadCommonJSModule file:///home/namarani/.vscode-server/bin/2d23c42a936db1c7b3b06f918cde29561cc47cd6/extensions/debug-auto-launch/dist/extension
[2021-07-11 17:48:17.447] [exthost] [info] ExtensionService#_doActivateExtension vscode.git {"startup":true,"extensionId":{"value":"vscode.github","_lower":"vscode.github"},"activationEvent":"*"}
[2021-07-11 17:48:17.447] [exthost] [info] ExtensionService#loadCommonJSModule file:///home/namarani/.vscode-server/bin/2d23c42a936db1c7b3b06f918cde29561cc47cd6/extensions/git/dist/main
[2021-07-11 17:48:23.073] [exthost] [info] ExtensionService#_doActivateExtension vscode.github {"startup":true,"extensionId":{"value":"vscode.github","_lower":"vscode.github"},"activationEvent":"*"}
[2021-07-11 17:48:23.074] [exthost] [info] ExtensionService#loadCommonJSModule file:///home/namarani/.vscode-server/bin/2d23c42a936db1c7b3b06f918cde29561cc47cd6/extensions/github/dist/extension.js
[2021-07-11 17:48:24.403] [exthost] [info] ExtensionService#_doActivateExtension ms-vscode.js-debug {"startup":false,"extensionId":{"value":"ms-vscode.js-debug","_lower":"ms-vscode.js-debug"},"activationEvent":"onCommand:extension.js-debug.clearAutoAttachVariables"}
[2021-07-11 17:48:24.403] [exthost] [info] ExtensionService#loadCommonJSModule file:///home/namarani/.vscode-server/bin/2d23c42a936db1c7b3b06f918cde29561cc47cd6/extensions/ms-vscode.js-debug/src/extension.js
[2021-07-11 17:48:24.823] [exthost] [info] ExtensionService#_doActivateExtension vscode.merge-conflict {"startup":false,"extensionId":{"value":"vscode.merge-conflict","_lower":"vscode.merge-conflict"},"activationEvent":"onStartupFinished"}
[2021-07-11 17:48:24.823] [exthost] [info] ExtensionService#loadCommonJSModule file:///home/namarani/.vscode-server/bin/2d23c42a936db1c7b3b06f918cde29561cc47cd6/extensions/merge-conflict/dist/mergeConflictMain
[2021-07-11 17:48:24.867] [exthost] [info] ExtensionService#_doActivateExtension vscode.testing-editor-contributions {"startup":false,"extensionId":{"value":"vscode.testing-editor-contributions","_lower":"vscode.testing-editor-contributions"},"activationEvent":"onStartupFinished"}
[2021-07-11 17:48:24.867] [exthost] [info] ExtensionService#loadCommonJSModule file:///home/namarani/.vscode-server/bin/2d23c42a936db1c7b3b06f918cde29561cc47cd6/extensions/testing-editor-contributions/dist/extension.js
[2021-07-11 17:48:24.881] [exthost] [info] eager extensions activated
[2021-07-11 18:14:59.972] [exthost] [info] extension host terminating: received terminate message from renderer
[2021-07-11 18:15:01.105] [exthost] [info] exiting with code 0
